{"numTotalTestSuites":207,"numPassedTestSuites":207,"numFailedTestSuites":0,"numPendingTestSuites":0,"numTotalTests":555,"numPassedTests":555,"numFailedTests":0,"numPendingTests":0,"numTodoTests":0,"snapshot":{"added":0,"failure":false,"filesAdded":0,"filesRemoved":0,"filesRemovedList":[],"filesUnmatched":0,"filesUpdated":0,"matched":0,"total":0,"unchecked":0,"uncheckedKeysByFile":[],"unmatched":0,"updated":0,"didUpdate":false},"startTime":1785061179774,"success":true,"testResults":[{"assertionResults":[{"ancestorTitles":["startup bundle budget"],"fullName":"startup bundle budget main window does not eagerly pull editor/AI/markdown stacks","status":"passed","title":"main window does not eagerly pull editor/AI/markdown stacks","duration":54.37600000000003,"failureMessages":[],"meta":{},"tags":[]},{"ancestorTitles":["startup bundle budget"],"fullName":"startup bundle budget settings window does not eagerly pull editor/AI/markdown stacks","status":"passed","title":"settings window does not eagerly pull editor/AI/markdown stacks","duration":13.110299999999995,"failureMessages":[],"meta":{},"tags":[]}],"startTime":1785061180203,"endTime":1785061180270.1104,"status":"passed","message":"","name":"C:/Users/Admin/openagent/openagent/src/app/eager-budget.test.ts"},{"assertionResults":[{"ancestorTitles":["resolveFontFamily"],"fullName":"resolveFontFamily quotes a bare family and appends the mono fallback","status":"passed","title":"quotes a bare family and appends the mono fallback","duration":1.3963999999999999,"failureMessages":[],"meta":{},"tags":[]},{"ancestorTitles":["resolveFontFamily"],"fullName":"resolveFontFamily does not double-quote an already-quoted family","status":"passed","title":"does not double-quote an already-quoted family","duration":0.13159999999999172,"failureMessages":[],"meta":{},"tags":[]},{"ancestorTitles":["resolveFontFamily"],"fullName":"resolveFontFamily passes a comma-separated stack through and still appends fallback","status":"passed","title":"passes a comma-separated stack through and still appends fallback","duration":0.08429999999998472,"failureMessages":[],"meta":{},"tags":[]},{"ancestorTitles":["resolveFontFamily"],"fullName":"resolveFontFamily strips stray internal quotes to avoid a malformed token","status":"passed","title":"strips stray internal quotes to avoid a malformed token","duration":0.09800000000001319,"failureMessages":[],"meta":{},"tags":[]},{"ancestorTitles":["resolveFontFamily"],"fullName":"resolveFontFamily trims surrounding whitespace before quoting","status":"passed","title":"trims surrounding whitespace before quoting","duration":0.09530000000000882,"failureMessages":[],"meta":{},"tags":[]},{"ancestorTitles":["resolveFontFamily"],"fullName":"resolveFontFamily falls back to the mono chain for empty input","status":"passed","title":"falls back to the mono chain for empty input","duration":0.10470000000000823,"failureMessages":[],"meta":{},"tags":[]}],"startTime":1785061180590,"endTime":1785061180592.1316,"status":"passed","message":"","name":"C:/Users/Admin/openagent/openagent/src/lib/fonts.test.ts"},{"assertionResults":[{"ancestorTitles":["quoteShellArg (posix)"],"fullName":"quoteShellArg (posix) wraps a plain string in single quotes","status":"passed","title":"wraps a plain string in single quotes","duration":1.4599000000000046,"failureMessages":[],"meta":{},"tags":[]},{"ancestorTitles":["quoteShellArg (posix)"],"fullName":"quoteShellArg (posix) escapes embedded single quotes with the '\\'' dance","status":"passed","title":"escapes embedded single quotes with the '\\'' dance","duration":0.19700000000000273,"failureMessages":[],"meta":{},"tags":[]},{"ancestorTitles":["quoteShellArg (posix)"],"fullName":"quoteShellArg (posix) neutralizes shell metacharacters","status":"passed","title":"neutralizes shell metacharacters","duration":0.1588000000000136,"failureMessages":[],"meta":{},"tags":[]},{"ancestorTitles":["quoteShellArg (posix)"],"fullName":"quoteShellArg (posix) quotes an empty string to a real empty argument","status":"passed","title":"quotes an empty string to a real empty argument","duration":0.1226000000000056,"failureMessages":[],"meta":{},"tags":[]},{"ancestorTitles":["quoteShellArg (posix)"],"fullName":"quoteShellArg (posix) cannot break out of the quoted argument","status":"passed","title":"cannot break out of the quoted argument","duration":0.12380000000001701,"failureMessages":[],"meta":{},"tags":[]},{"ancestorTitles":["quoteShellArg (windows/pwsh)"],"fullName":"quoteShellArg (windows/pwsh) wraps a plain string in single quotes","status":"passed","title":"wraps a plain string in single quotes","duration":0.1518000000000086,"failureMessages":[],"meta":{},"tags":[]},{"ancestorTitles":["quoteShellArg (windows/pwsh)"],"fullName":"quoteShellArg (windows/pwsh) doubles embedded single quotes","status":"passed","title":"doubles embedded single quotes","duration":0.09919999999999618,"failureMessages":[],"meta":{},"tags":[]},{"ancestorTitles":["quoteShellArg (windows/pwsh)"],"fullName":"quoteShellArg (windows/pwsh) keeps backticks and $ literal inside single quotes","status":"passed","title":"keeps backticks and $ literal inside single quotes","duration":0.09359999999998081,"failureMessages":[],"meta":{},"tags":[]},{"ancestorTitles":["quoteShellArg (windows/pwsh)"],"fullName":"quoteShellArg (windows/pwsh) quotes an empty string","status":"passed","title":"quotes an empty string","duration":0.14990000000000236,"failureMessages":[],"meta":{},"tags":[]}],"startTime":1785061180705,"endTime":1785061180707.1519,"status":"passed","message":"","name":"C:/Users/Admin/openagent/openagent/src/lib/shellQuote.test.ts"},{"assertionResults":[{"ancestorTitles":["isMarkdownPath"],"fullName":"isMarkdownPath matches markdown extensions case-insensitively","status":"passed","title":"matches markdown extensions case-insensitively","duration":0.8812000000000069,"failureMessages":[],"meta":{},"tags":[]},{"ancestorTitles":["isMarkdownPath"],"fullName":"isMarkdownPath only matches the extension at the end of the path","status":"passed","title":"only matches the extension at the end of the path","duration":0.12309999999999377,"failureMessages":[],"meta":{},"tags":[]},{"ancestorTitles":["isMarkdownPath"],"fullName":"isMarkdownPath rejects non-markdown or extensionless paths","status":"passed","title":"rejects non-markdown or extensionless paths","duration":0.09409999999999741,"failureMessages":[],"meta":{},"tags":[]}],"startTime":1785061180841,"endTime":1785061180842.123,"status":"passed","message":"","name":"C:/Users/Admin/openagent/openagent/src/lib/utils.test.ts"},{"assertionResults":[{"ancestorTitles":["Agent Flow — Build Mode"],"fullName":"Agent Flow — Build Mode build agent has full tool access","status":"passed","title":"build agent has full tool access","duration":1.1918000000000006,"failureMessages":[],"meta":{},"tags":[]},{"ancestorTitles":["Agent Flow — Build Mode"],"fullName":"Agent Flow — Build Mode build agent can chain multiple tools","status":"passed","title":"build agent can chain multiple tools","duration":0.17730000000000246,"failureMessages":[],"meta":{},"tags":[]},{"ancestorTitles":["Agent Flow — Plan Mode"],"fullName":"Agent Flow — Plan Mode plan agent has only read tools","status":"passed","title":"plan agent has only read tools","duration":0.30359999999996035,"failureMessages":[],"meta":{},"tags":[]},{"ancestorTitles":["Agent Flow — @mention Subagents"],"fullName":"Agent Flow — @mention Subagents resolves subagent types","status":"passed","title":"resolves subagent types","duration":0.10930000000001883,"failureMessages":[],"meta":{},"tags":[]},{"ancestorTitles":["Agent Flow — @mention Subagents"],"fullName":"Agent Flow — @mention Subagents parses @mention from text","status":"passed","title":"parses @mention from text","duration":0.174699999999973,"failureMessages":[],"meta":{},"tags":[]},{"ancestorTitles":["LSP Auto-Install Flow"],"fullName":"LSP Auto-Install Flow detects languages from workspace files","status":"passed","title":"detects languages from workspace files","duration":0.09900000000004638,"failureMessages":[],"meta":{},"tags":[]},{"ancestorTitles":["LSP Auto-Install Flow"],"fullName":"LSP Auto-Install Flow identifies required LSP servers","status":"passed","title":"identifies required LSP servers","duration":0.1262999999999579,"failureMessages":[],"meta":{},"tags":[]},{"ancestorTitles":["Memory FTS5 Flow"],"fullName":"Memory FTS5 Flow stores and retrieves memories","status":"passed","title":"stores and retrieves memories","duration":0.08190000000001874,"failureMessages":[],"meta":{},"tags":[]},{"ancestorTitles":["Memory FTS5 Flow"],"fullName":"Memory FTS5 Flow searches across memories","status":"passed","title":"searches across memories","duration":0.10750000000001592,"failureMessages":[],"meta":{},"tags":[]},{"ancestorTitles":["Cron Scheduling Flow"],"fullName":"Cron Scheduling Flow parses schedule expressions","status":"passed","title":"parses schedule expressions","duration":0.11709999999999354,"failureMessages":[],"meta":{},"tags":[]},{"ancestorTitles":["Cron Scheduling Flow"],"fullName":"Cron Scheduling Flow determines which jobs are due","status":"passed","title":"determines which jobs are due","duration":0.366800000000012,"failureMessages":[],"meta":{},"tags":[]},{"ancestorTitles":["Skill Hub Flow"],"fullName":"Skill Hub Flow installs and uninstalls skills","status":"passed","title":"installs and uninstalls skills","duration":0.08550000000002456,"failureMessages":[],"meta":{},"tags":[]},{"ancestorTitles":["Skill Hub Flow"],"fullName":"Skill Hub Flow toggles skill enable/disable","status":"passed","title":"toggles skill enable/disable","duration":0.043200000000013006,"failureMessages":[],"meta":{},"tags":[]},{"ancestorTitles":["Checkpoint Flow"],"fullName":"Checkpoint Flow creates and restores checkpoints","status":"passed","title":"creates and restores checkpoints","duration":0.057900000000017826,"failureMessages":[],"meta":{},"tags":[]},{"ancestorTitles":["Learning Engine Flow"],"fullName":"Learning Engine Flow records and reviews turns","status":"passed","title":"records and reviews turns","duration":0.05169999999998254,"failureMessages":[],"meta":{},"tags":[]},{"ancestorTitles":["Learning Engine Flow"],"fullName":"Learning Engine Flow creates skills from review insights","status":"passed","title":"creates skills from review insights","duration":0.04450000000002774,"failureMessages":[],"meta":{},"tags":[]},{"ancestorTitles":["Plugin System Flow"],"fullName":"Plugin System Flow registers and queries plugins","status":"passed","title":"registers and queries plugins","duration":0.056199999999989814,"failureMessages":[],"meta":{},"tags":[]},{"ancestorTitles":["Remote Backend Flow"],"fullName":"Remote Backend Flow manages backend configurations","status":"passed","title":"manages backend configurations","duration":0.05480000000000018,"failureMessages":[],"meta":{},"tags":[]},{"ancestorTitles":["i18n Translation Flow"],"fullName":"i18n Translation Flow provides translations for known keys","status":"passed","title":"provides translations for known keys","duration":0.03789999999997917,"failureMessages":[],"meta":{},"tags":[]},{"ancestorTitles":["i18n Translation Flow"],"fullName":"i18n Translation Flow falls back to English for missing translations","status":"passed","title":"falls back to English for missing translations","duration":0.039099999999962165,"failureMessages":[],"meta":{},"tags":[]}],"startTime":1785061180174,"endTime":1785061180177.0854,"status":"passed","message":"","name":"C:/Users/Admin/openagent/openagent/tests/integration/agent-flow.test.ts"},{"assertionResults":[{"ancestorTitles":["Permission System"],"fullName":"Permission System allows read for build agent","status":"passed","title":"allows read for build agent","duration":1.8810000000000002,"failureMessages":[],"meta":{},"tags":[]},{"ancestorTitles":["Permission System"],"fullName":"Permission System allows edit for build agent","status":"passed","title":"allows edit for build agent","duration":0.2807000000000244,"failureMessages":[],"meta":{},"tags":[]},{"ancestorTitles":["Permission System"],"fullName":"Permission System denies rm -rf for build agent","status":"passed","title":"denies rm -rf for build agent","duration":0.23629999999997153,"failureMessages":[],"meta":{},"tags":[]},{"ancestorTitles":["Permission System"],"fullName":"Permission System asks for sudo in build agent","status":"passed","title":"asks for sudo in build agent","duration":0.2108000000000061,"failureMessages":[],"meta":{},"tags":[]},{"ancestorTitles":["Permission System"],"fullName":"Permission System denies edit for plan agent","status":"passed","title":"denies edit for plan agent","duration":0.190400000000011,"failureMessages":[],"meta":{},"tags":[]},{"ancestorTitles":["Permission System"],"fullName":"Permission System allows read for plan agent","status":"passed","title":"allows read for plan agent","duration":0.18770000000000664,"failureMessages":[],"meta":{},"tags":[]},{"ancestorTitles":["Permission System"],"fullName":"Permission System denies npm for plan agent","status":"passed","title":"denies npm for plan agent","duration":0.18020000000001346,"failureMessages":[],"meta":{},"tags":[]},{"ancestorTitles":["Permission System"],"fullName":"Permission System fallbacks to ask when no rule matches","status":"passed","title":"fallbacks to ask when no rule matches","duration":0.14859999999998763,"failureMessages":[],"meta":{},"tags":[]},{"ancestorTitles":["Permission System"],"fullName":"Permission System last matching rule wins","status":"passed","title":"last matching rule wins","duration":0.22369999999995116,"failureMessages":[],"meta":{},"tags":[]},{"ancestorTitles":["Wildcard Matching"],"fullName":"Wildcard Matching matches exact patterns","status":"passed","title":"matches exact patterns","duration":0.33620000000001937,"failureMessages":[],"meta":{},"tags":[]},{"ancestorTitles":["Wildcard Matching"],"fullName":"Wildcard Matching matches glob patterns","status":"passed","title":"matches glob patterns","duration":0.22690000000000055,"failureMessages":[],"meta":{},"tags":[]},{"ancestorTitles":["Wildcard Matching"],"fullName":"Wildcard Matching matches double-star patterns","status":"passed","title":"matches double-star patterns","duration":0.19709999999997763,"failureMessages":[],"meta":{},"tags":[]},{"ancestorTitles":["Wildcard Matching"],"fullName":"Wildcard Matching matches git command patterns","status":"passed","title":"matches git command patterns","duration":0.179300000000012,"failureMessages":[],"meta":{},"tags":[]},{"ancestorTitles":["Security Checks"],"fullName":"Security Checks detects secret files by basename pattern","status":"passed","title":"detects secret files by basename pattern","duration":0.6132999999999811,"failureMessages":[],"meta":{},"tags":[]},{"ancestorTitles":["Sandbox Levels"],"fullName":"Sandbox Levels allows all in Off mode","status":"passed","title":"allows all in Off mode","duration":0.19130000000001246,"failureMessages":[],"meta":{},"tags":[]},{"ancestorTitles":["Sandbox Levels"],"fullName":"Sandbox Levels blocks writes in ReadOnly mode","status":"passed","title":"blocks writes in ReadOnly mode","duration":0.08790000000004738,"failureMessages":[],"meta":{},"tags":[]},{"ancestorTitles":["Sandbox Levels"],"fullName":"Sandbox Levels restricts to workspace in Workspace mode","status":"passed","title":"restricts to workspace in Workspace mode","duration":0.08110000000004902,"failureMessages":[],"meta":{},"tags":[]},{"ancestorTitles":["Sandbox Levels"],"fullName":"Sandbox Levels blocks network in Strict mode","status":"passed","title":"blocks network in Strict mode","duration":0.06390000000004648,"failureMessages":[],"meta":{},"tags":[]}],"startTime":1785061180513,"endTime":1785061180519.081,"status":"passed","message":"","name":"C:/Users/Admin/openagent/openagent/tests/unit/permissions.test.ts"},{"assertionResults":[{"ancestorTitles":["markdownCodeText"],"fullName":"markdownCodeText preserves text nested inside React children for HTML-wrapped code blocks","status":"passed","title":"preserves text nested inside React children for HTML-wrapped code blocks","duration":1.0268000000000939,"failureMessages":[],"meta":{},"tags":[]}],"startTime":1785061181859,"endTime":1785061181860.0269,"status":"passed","message":"","name":"C:/Users/Admin/openagent/openagent/src/components/ai-elements/markdown-code.test.tsx"},{"assertionResults":[{"ancestorTitles":["resolveLspSwitchState"],"fullName":"resolveLspSwitchState enables an available language server directly","status":"passed","title":"enables an available language server directly","duration":1.0623999999999967,"failureMessages":[],"meta":{},"tags":[]},{"ancestorTitles":["resolveLspSwitchState"],"fullName":"resolveLspSwitchState keeps a missing language server off and routes enabling to install","status":"passed","title":"keeps a missing language server off and routes enabling to install","duration":0.12210000000001742,"failureMessages":[],"meta":{},"tags":[]},{"ancestorTitles":["resolveLspSwitchState"],"fullName":"resolveLspSwitchState prevents changes while detection is pending","status":"passed","title":"prevents changes while detection is pending","duration":0.08650000000000091,"failureMessages":[],"meta":{},"tags":[]}],"startTime":1785061180824,"endTime":1785061180826.0864,"status":"passed","message":"","name":"C:/Users/Admin/openagent/openagent/src/settings/components/lspSwitchState.test.ts"},{"assertionResults":[{"ancestorTitles":["compat model id helpers"],"fullName":"compat model id helpers round-trips endpoint id through the synthetic model id","status":"passed","title":"round-trips endpoint id through the synthetic model id","duration":1.4336000000000126,"failureMessages":[],"meta":{},"tags":[]},{"ancestorTitles":["compat model id helpers"],"fullName":"compat model id helpers treats static model ids as non-compat","status":"passed","title":"treats static model ids as non-compat","duration":0.12590000000000146,"failureMessages":[],"meta":{},"tags":[]},{"ancestorTitles":["resolveModel"],"fullName":"resolveModel resolves a compat model id against its endpoint","status":"passed","title":"resolves a compat model id against its endpoint","duration":0.16919999999998936,"failureMessages":[],"meta":{},"tags":[]},{"ancestorTitles":["resolveModel"],"fullName":"resolveModel falls back to a placeholder when the endpoint is gone","status":"passed","title":"falls back to a placeholder when the endpoint is gone","duration":0.07850000000001955,"failureMessages":[],"meta":{},"tags":[]},{"ancestorTitles":["resolveModel"],"fullName":"resolveModel resolves a static model id from the registry","status":"passed","title":"resolves a static model id from the registry","duration":0.07529999999997017,"failureMessages":[],"meta":{},"tags":[]},{"ancestorTitles":["resolveModel"],"fullName":"resolveModel resolves current model gpt-5.6 through openai","status":"passed","title":"resolves current model gpt-5.6 through openai","duration":0.06720000000001392,"failureMessages":[],"meta":{},"tags":[]},{"ancestorTitles":["resolveModel"],"fullName":"resolveModel resolves current model gpt-5.6-terra through openai","status":"passed","title":"resolves current model gpt-5.6-terra through openai","duration":0.048299999999983356,"failureMessages":[],"meta":{},"tags":[]},{"ancestorTitles":["resolveModel"],"fullName":"resolveModel resolves current model gpt-5.6-luna through openai","status":"passed","title":"resolves current model gpt-5.6-luna through openai","duration":0.048800000000028376,"failureMessages":[],"meta":{},"tags":[]},{"ancestorTitles":["resolveModel"],"fullName":"resolveModel resolves current model claude-fable-5 through anthropic","status":"passed","title":"resolves current model claude-fable-5 through anthropic","duration":0.057599999999979445,"failureMessages":[],"meta":{},"tags":[]},{"ancestorTitles":["resolveModel"],"fullName":"resolveModel resolves current model claude-sonnet-5 through anthropic","status":"passed","title":"resolves current model claude-sonnet-5 through anthropic","duration":0.06699999999995043,"failureMessages":[],"meta":{},"tags":[]},{"ancestorTitles":["resolveModel"],"fullName":"resolveModel resolves current model grok-4.5 through xai","status":"passed","title":"resolves current model grok-4.5 through xai","duration":0.05040000000002465,"failureMessages":[],"meta":{},"tags":[]},{"ancestorTitles":["resolveModel"],"fullName":"resolveModel throws on an unknown static model id","status":"passed","title":"throws on an unknown static model id","duration":0.6630999999999858,"failureMessages":[],"meta":{},"tags":[]},{"ancestorTitles":["getModelContextLimit"],"fullName":"getModelContextLimit uses the per-endpoint override for compat models","status":"passed","title":"uses the per-endpoint override for compat models","duration":0.19890000000003738,"failureMessages":[],"meta":{},"tags":[]},{"ancestorTitles":["getModelContextLimit"],"fullName":"getModelContextLimit reads the static table for known models","status":"passed","title":"reads the static table for known models","duration":0.08230000000003201,"failureMessages":[],"meta":{},"tags":[]},{"ancestorTitles":["getModelContextLimit"],"fullName":"getModelContextLimit uses the published context limit for gpt-5.6","status":"passed","title":"uses the published context limit for gpt-5.6","duration":0.06029999999998381,"failureMessages":[],"meta":{},"tags":[]},{"ancestorTitles":["getModelContextLimit"],"fullName":"getModelContextLimit uses the published context limit for gpt-5.6-terra","status":"passed","title":"uses the published context limit for gpt-5.6-terra","duration":0.03910000000001901,"failureMessages":[],"meta":{},"tags":[]},{"ancestorTitles":["getModelContextLimit"],"fullName":"getModelContextLimit uses the published context limit for gpt-5.6-luna","status":"passed","title":"uses the published context limit for gpt-5.6-luna","duration":0.03669999999999618,"failureMessages":[],"meta":{},"tags":[]},{"ancestorTitles":["getModelContextLimit"],"fullName":"getModelContextLimit uses the published context limit for claude-fable-5","status":"passed","title":"uses the published context limit for claude-fable-5","duration":0.0625999999999749,"failureMessages":[],"meta":{},"tags":[]},{"ancestorTitles":["getModelContextLimit"],"fullName":"getModelContextLimit uses the published context limit for claude-sonnet-5","status":"passed","title":"uses the published context limit for claude-sonnet-5","duration":0.04099999999999682,"failureMessages":[],"meta":{},"tags":[]},{"ancestorTitles":["getModelContextLimit"],"fullName":"getModelContextLimit uses the published context limit for grok-4.5","status":"passed","title":"uses the published context limit for grok-4.5","duration":0.04059999999998354,"failureMessages":[],"meta":{},"tags":[]},{"ancestorTitles":["current model pricing"],"fullName":"current model pricing uses the published token pricing for gpt-5.6","status":"passed","title":"uses the published token pricing for gpt-5.6","duration":0.5967999999999734,"failureMessages":[],"meta":{},"tags":[]},{"ancestorTitles":["current model pricing"],"fullName":"current model pricing uses the published token pricing for gpt-5.6-terra","status":"passed","title":"uses the published token pricing for gpt-5.6-terra","duration":0.12640000000004648,"failureMessages":[],"meta":{},"tags":[]},{"ancestorTitles":["current model pricing"],"fullName":"current model pricing uses the published token pricing for gpt-5.6-luna","status":"passed","title":"uses the published token pricing for gpt-5.6-luna","duration":0.07720000000000482,"failureMessages":[],"meta":{},"tags":[]},{"ancestorTitles":["current model pricing"],"fullName":"current model pricing uses the published token pricing for claude-fable-5","status":"passed","title":"uses the published token pricing for claude-fable-5","duration":0.047100000000000364,"failureMessages":[],"meta":{},"tags":[]},{"ancestorTitles":["current model pricing"],"fullName":"current model pricing uses the published token pricing for claude-sonnet-5","status":"passed","title":"uses the published token pricing for claude-sonnet-5","duration":0.06929999999999836,"failureMessages":[],"meta":{},"tags":[]},{"ancestorTitles":["current model pricing"],"fullName":"current model pricing uses the published token pricing for grok-4.5","status":"passed","title":"uses the published token pricing for grok-4.5","duration":0.050700000000006185,"failureMessages":[],"meta":{},"tags":[]},{"ancestorTitles":["modelKeepsReasoning"],"fullName":"modelKeepsReasoning keeps reasoning for compat endpoints (freeform provider)","status":"passed","title":"keeps reasoning for compat endpoints (freeform provider)","duration":0.12990000000002055,"failureMessages":[],"meta":{},"tags":[]},{"ancestorTitles":["modelKeepsReasoning"],"fullName":"modelKeepsReasoning drops reasoning for plain non-reasoning models","status":"passed","title":"drops reasoning for plain non-reasoning models","duration":0.05660000000000309,"failureMessages":[],"meta":{},"tags":[]},{"ancestorTitles":["modelKeepsReasoning"],"fullName":"modelKeepsReasoning keeps reasoning for tagged reasoning models","status":"passed","title":"keeps reasoning for tagged reasoning models","duration":0.04270000000002483,"failureMessages":[],"meta":{},"tags":[]},{"ancestorTitles":["model sampling capabilities"],"fullName":"model sampling capabilities omits temperature for openai/gpt-5.4-nano","status":"passed","title":"omits temperature for openai/gpt-5.4-nano","duration":0.09569999999996526,"failureMessages":[],"meta":{},"tags":[]},{"ancestorTitles":["model sampling capabilities"],"fullName":"model sampling capabilities omits temperature for openai/gpt-5.6","status":"passed","title":"omits temperature for openai/gpt-5.6","duration":0.028800000000046566,"failureMessages":[],"meta":{},"tags":[]},{"ancestorTitles":["model sampling capabilities"],"fullName":"model sampling capabilities omits temperature for anthropic/claude-fable-5","status":"passed","title":"omits temperature for anthropic/claude-fable-5","duration":0.04850000000004684,"failureMessages":[],"meta":{},"tags":[]},{"ancestorTitles":["model sampling capabilities"],"fullName":"model sampling capabilities omits temperature for anthropic/claude-sonnet-5","status":"passed","title":"omits temperature for anthropic/claude-sonnet-5","duration":0.023199999999974352,"failureMessages":[],"meta":{},"tags":[]},{"ancestorTitles":["model sampling capabilities"],"fullName":"model sampling capabilities keeps temperature for models that accept sampling parameters","status":"passed","title":"keeps temperature for models that accept sampling parameters","duration":0.04750000000001364,"failureMessages":[],"meta":{},"tags":[]},{"ancestorTitles":["model sampling capabilities"],"fullName":"model sampling capabilities defaults unknown provider models to temperature support","status":"passed","title":"defaults unknown provider models to temperature support","duration":0.029200000000003,"failureMessages":[],"meta":{},"tags":[]},{"ancestorTitles":["model sampling capabilities"],"fullName":"model sampling capabilities allocates a reasoning output budget for openai/gpt-5.4-nano","status":"passed","title":"allocates a reasoning output budget for openai/gpt-5.4-nano","duration":0.10360000000002856,"failureMessages":[],"meta":{},"tags":[]},{"ancestorTitles":["model sampling capabilities"],"fullName":"model sampling capabilities allocates a reasoning output budget for openai/gpt-5.6-luna","status":"passed","title":"allocates a reasoning output budget for openai/gpt-5.6-luna","duration":0.02760000000000673,"failureMessages":[],"meta":{},"tags":[]},{"ancestorTitles":["model sampling capabilities"],"fullName":"model sampling capabilities allocates a reasoning output budget for anthropic/claude-sonnet-5","status":"passed","title":"allocates a reasoning output budget for anthropic/claude-sonnet-5","duration":0.024800000000027467,"failureMessages":[],"meta":{},"tags":[]},{"ancestorTitles":["model sampling capabilities"],"fullName":"model sampling capabilities allocates a reasoning output budget for xai/grok-4.5","status":"passed","title":"allocates a reasoning output budget for xai/grok-4.5","duration":0.022800000000017917,"failureMessages":[],"meta":{},"tags":[]},{"ancestorTitles":["model sampling capabilities"],"fullName":"model sampling capabilities allocates a reasoning output budget for groq/openai/gpt-oss-20b","status":"passed","title":"allocates a reasoning output budget for groq/openai/gpt-oss-20b","duration":0.043000000000006366,"failureMessages":[],"meta":{},"tags":[]},{"ancestorTitles":["migrateLegacyCompatEndpoint"],"fullName":"migrateLegacyCompatEndpoint migrates a fully configured legacy endpoint","status":"passed","title":"migrates a fully configured legacy endpoint","duration":1.0830000000000268,"failureMessages":[],"meta":{},"tags":[]},{"ancestorTitles":["migrateLegacyCompatEndpoint"],"fullName":"migrateLegacyCompatEndpoint skips migration when base URL or model id is missing","status":"passed","title":"skips migration when base URL or model id is missing","duration":0.17809999999997217,"failureMessages":[],"meta":{},"tags":[]}],"startTime":1785061180491,"endTime":1785061180498.178,"status":"passed","message":"","name":"C:/Users/Admin/openagent/openagent/src/modules/ai/config.test.ts"},{"assertionResults":[{"ancestorTitles":["MarkdownPreviewPane Streamdown configuration"],"fullName":"MarkdownPreviewPane Streamdown configuration renders complete markdown files in static mode","status":"passed","title":"renders complete markdown files in static mode","duration":0.797300000000007,"failureMessages":[],"meta":{},"tags":[]},{"ancestorTitles":["MarkdownPreviewPane Streamdown configuration"],"fullName":"MarkdownPreviewPane Streamdown configuration does not run streaming incomplete-markdown repair for files","status":"passed","title":"does not run streaming incomplete-markdown repair for files","duration":0.10190000000000055,"failureMessages":[],"meta":{},"tags":[]}],"startTime":1785061180827,"endTime":1785061180828.1018,"status":"passed","message":"","name":"C:/Users/Admin/openagent/openagent/src/modules/markdown/MarkdownPreviewPane.test.ts"},{"assertionResults":[{"ancestorTitles":["PreviewPane iframe sandbox"],"fullName":"PreviewPane iframe sandbox declares an iframe in the source","status":"passed","title":"declares an iframe in the source","duration":1.4069999999999823,"failureMessages":[],"meta":{},"tags":[]},{"ancestorTitles":["PreviewPane iframe sandbox"],"fullName":"PreviewPane iframe sandbox includes a sandbox attribute","status":"passed","title":"includes a sandbox attribute","duration":0.2483000000000004,"failureMessages":[],"meta":{},"tags":[]},{"ancestorTitles":["PreviewPane iframe sandbox"],"fullName":"PreviewPane iframe sandbox grants allow-scripts and allow-same-origin","status":"passed","title":"grants allow-scripts and allow-same-origin","duration":0.19429999999999836,"failureMessages":[],"meta":{},"tags":[]},{"ancestorTitles":["PreviewPane iframe sandbox"],"fullName":"PreviewPane iframe sandbox does NOT include allow-top-navigation* tokens","status":"passed","title":"does NOT include allow-top-navigation* tokens","duration":0.12659999999999627,"failureMessages":[],"meta":{},"tags":[]},{"ancestorTitles":["PreviewPane iframe sandbox"],"fullName":"PreviewPane iframe sandbox does NOT include allow-popups-without-allow-popups-to-escape-sandbox combo","status":"passed","title":"does NOT include allow-popups-without-allow-popups-to-escape-sandbox combo","duration":0.09629999999998518,"failureMessages":[],"meta":{},"tags":[]},{"ancestorTitles":["PreviewPane iframe sandbox"],"fullName":"PreviewPane iframe sandbox sets referrerPolicy to no-referrer","status":"passed","title":"sets referrerPolicy to no-referrer","duration":0.05819999999999936,"failureMessages":[],"meta":{},"tags":[]}],"startTime":1785061180726,"endTime":1785061180728.2483,"status":"passed","message":"","name":"C:/Users/Admin/openagent/openagent/src/modules/preview/PreviewPane.test.ts"},{"assertionResults":[{"ancestorTitles":["coerceFontWeight"],"fullName":"coerceFontWeight keeps supported weights","status":"passed","title":"keeps supported weights","duration":0.8769999999999527,"failureMessages":[],"meta":{},"tags":[]},{"ancestorTitles":["coerceFontWeight"],"fullName":"coerceFontWeight trims surrounding whitespace","status":"passed","title":"trims surrounding whitespace","duration":0.09729999999996153,"failureMessages":[],"meta":{},"tags":[]},{"ancestorTitles":["coerceFontWeight"],"fullName":"coerceFontWeight falls back to normal for unsupported or empty values","status":"passed","title":"falls back to normal for unsupported or empty values","duration":0.09700000000003683,"failureMessages":[],"meta":{},"tags":[]}],"startTime":1785061180104,"endTime":1785061180105.097,"status":"passed","message":"","name":"C:/Users/Admin/openagent/openagent/src/modules/settings/coerceFontWeight.test.ts"},{"assertionResults":[{"ancestorTitles":["clampEditorFontSize"],"fullName":"clampEditorFontSize rounds and clamps valid values","status":"passed","title":"rounds and clamps valid values","duration":0.925899999999956,"failureMessages":[],"meta":{},"tags":[]},{"ancestorTitles":["clampEditorFontSize"],"fullName":"clampEditorFontSize falls back for non-finite values","status":"passed","title":"falls back for non-finite values","duration":0.11700000000001864,"failureMessages":[],"meta":{},"tags":[]}],"startTime":1785061180104,"endTime":1785061180105.117,"status":"passed","message":"","name":"C:/Users/Admin/openagent/openagent/src/modules/settings/editorFontSize.test.ts"},{"assertionResults":[{"ancestorTitles":["getBindingTokens"],"fullName":"getBindingTokens returns nothing for an undefined binding","status":"passed","title":"returns nothing for an undefined binding","duration":1.0792000000000144,"failureMessages":[],"meta":{},"tags":[]},{"ancestorTitles":["getBindingTokens"],"fullName":"getBindingTokens lists modifiers in order, then the key","status":"passed","title":"lists modifiers in order, then the key","duration":0.14339999999998554,"failureMessages":[],"meta":{},"tags":[]},{"ancestorTitles":["getBindingTokens"],"fullName":"getBindingTokens labels space and arrow keys","status":"passed","title":"labels space and arrow keys","duration":0.13049999999998363,"failureMessages":[],"meta":{},"tags":[]},{"ancestorTitles":["getBindingTokens"],"fullName":"getBindingTokens uppercases a single-character key","status":"passed","title":"uppercases a single-character key","duration":0.08789999999999054,"failureMessages":[],"meta":{},"tags":[]},{"ancestorTitles":["matchBinding"],"fullName":"matchBinding matches when key and all modifiers agree","status":"passed","title":"matches when key and all modifiers agree","duration":0.16519999999997026,"failureMessages":[],"meta":{},"tags":[]},{"ancestorTitles":["matchBinding"],"fullName":"matchBinding matches the key case-insensitively","status":"passed","title":"matches the key case-insensitively","duration":0.06779999999997699,"failureMessages":[],"meta":{},"tags":[]},{"ancestorTitles":["matchBinding"],"fullName":"matchBinding fails when a required modifier is missing","status":"passed","title":"fails when a required modifier is missing","duration":0.06450000000000955,"failureMessages":[],"meta":{},"tags":[]},{"ancestorTitles":["matchBinding"],"fullName":"matchBinding fails when an extra modifier is pressed","status":"passed","title":"fails when an extra modifier is pressed","duration":0.06560000000001764,"failureMessages":[],"meta":{},"tags":[]},{"ancestorTitles":["matchBinding"],"fullName":"matchBinding falls back to the physical code for alt combinations","status":"passed","title":"falls back to the physical code for alt combinations","duration":0.10660000000001446,"failureMessages":[],"meta":{},"tags":[]},{"ancestorTitles":["matchBinding"],"fullName":"matchBinding only accepts digit keys for the jump-to-tab shortcut","status":"passed","title":"only accepts digit keys for the jump-to-tab shortcut","duration":0.13979999999997972,"failureMessages":[],"meta":{},"tags":[]}],"startTime":1785061180107,"endTime":1785061180109.14,"status":"passed","message":"","name":"C:/Users/Admin/openagent/openagent/src/modules/shortcuts/shortcuts.test.ts"},{"assertionResults":[{"ancestorTitles":["resolveEditorThemeId"],"fullName":"resolveEditorThemeId returns an explicit pref unchanged, ignoring app theme","status":"passed","title":"returns an explicit pref unchanged, ignoring app theme","duration":1.8190000000000737,"failureMessages":[],"meta":{},"tags":[]},{"ancestorTitles":["resolveEditorThemeId"],"fullName":"resolveEditorThemeId auto follows the builtin app theme pairing per mode","status":"passed","title":"auto follows the builtin app theme pairing per mode","duration":0.29710000000000036,"failureMessages":[],"meta":{},"tags":[]},{"ancestorTitles":["resolveEditorThemeId"],"fullName":"resolveEditorThemeId auto falls back to the other mode when a pairing is missing","status":"passed","title":"auto falls back to the other mode when a pairing is missing","duration":0.16489999999998872,"failureMessages":[],"meta":{},"tags":[]},{"ancestorTitles":["resolveEditorThemeId"],"fullName":"resolveEditorThemeId auto prefers a matching custom theme over builtins","status":"passed","title":"auto prefers a matching custom theme over builtins","duration":0.1756000000000313,"failureMessages":[],"meta":{},"tags":[]},{"ancestorTitles":["resolveEditorThemeId"],"fullName":"resolveEditorThemeId auto with an unknown app theme uses the default theme pairing","status":"passed","title":"auto with an unknown app theme uses the default theme pairing","duration":0.1833000000000311,"failureMessages":[],"meta":{},"tags":[]},{"ancestorTitles":["resolveEditorThemeId"],"fullName":"resolveEditorThemeId auto falls back to a neutral theme when the pairing is invalid","status":"passed","title":"auto falls back to a neutral theme when the pairing is invalid","duration":0.20390000000008968,"failureMessages":[],"meta":{},"tags":[]}],"startTime":1785061180717,"endTime":1785061180719.297,"status":"passed","message":"","name":"C:/Users/Admin/openagent/openagent/src/modules/theme/resolveEditorTheme.test.ts"},{"assertionResults":[{"ancestorTitles":["resolveTerminalFont"],"fullName":"resolveTerminalFont uses theme values ahead of global preferences field by field","status":"passed","title":"uses theme values ahead of global preferences field by field","duration":2.0498999999999796,"failureMessages":[],"meta":{},"tags":[]},{"ancestorTitles":["resolveTerminalFont"],"fullName":"resolveTerminalFont restores global preferences when the theme has no font values","status":"passed","title":"restores global preferences when the theme has no font values","duration":0.29460000000000264,"failureMessages":[],"meta":{},"tags":[]},{"ancestorTitles":["resolveTerminalFont"],"fullName":"resolveTerminalFont uses the same variant fallback order as theme colors","status":"passed","title":"uses the same variant fallback order as theme colors","duration":0.2617999999999938,"failureMessages":[],"meta":{},"tags":[]}],"startTime":1785061180623,"endTime":1785061180625.2947,"status":"passed","message":"","name":"C:/Users/Admin/openagent/openagent/src/modules/theme/resolveTerminalFont.test.ts"},{"assertionResults":[{"ancestorTitles":["starterTheme"],"fullName":"starterTheme exposes terminal font settings in newly created themes","status":"passed","title":"exposes terminal font settings in newly created themes","duration":4.653099999999995,"failureMessages":[],"meta":{},"tags":[]}],"startTime":1785061180342,"endTime":1785061180346.653,"status":"passed","message":"","name":"C:/Users/Admin/openagent/openagent/src/modules/theme/themeFiles.test.ts"},{"assertionResults":[{"ancestorTitles":["validateTheme"],"fullName":"validateTheme rejects a non-object payload","status":"passed","title":"rejects a non-object payload","duration":1.872000000000014,"failureMessages":[],"meta":{},"tags":[]},{"ancestorTitles":["validateTheme"],"fullName":"validateTheme rejects ids that are not kebab-case or too short","status":"passed","title":"rejects ids that are not kebab-case or too short","duration":0.4677000000000078,"failureMessages":[],"meta":{},"tags":[]},{"ancestorTitles":["validateTheme"],"fullName":"validateTheme requires a non-empty name and trims it","status":"passed","title":"requires a non-empty name and trims it","duration":0.39519999999998845,"failureMessages":[],"meta":{},"tags":[]},{"ancestorTitles":["validateTheme"],"fullName":"validateTheme requires a variants object with at least one of light or dark","status":"passed","title":"requires a variants object with at least one of light or dark","duration":0.20779999999999177,"failureMessages":[],"meta":{},"tags":[]},{"ancestorTitles":["validateTheme"],"fullName":"validateTheme accepts a minimal single-variant theme","status":"passed","title":"accepts a minimal single-variant theme","duration":0.16249999999999432,"failureMessages":[],"meta":{},"tags":[]},{"ancestorTitles":["validateTheme"],"fullName":"validateTheme rejects unrecognized color keys","status":"passed","title":"rejects unrecognized color keys","duration":0.14879999999999427,"failureMessages":[],"meta":{},"tags":[]},{"ancestorTitles":["validateTheme"],"fullName":"validateTheme rejects empty color values","status":"passed","title":"rejects empty color values","duration":0.129099999999994,"failureMessages":[],"meta":{},"tags":[]},{"ancestorTitles":["validateTheme"],"fullName":"validateTheme requires the terminal ansi palette to have exactly 16 entries","status":"passed","title":"requires the terminal ansi palette to have exactly 16 entries","duration":0.15039999999999054,"failureMessages":[],"meta":{},"tags":[]},{"ancestorTitles":["validateTheme"],"fullName":"validateTheme accepts optional terminal font settings","status":"passed","title":"accepts optional terminal font settings","duration":0.21620000000001482,"failureMessages":[],"meta":{},"tags":[]},{"ancestorTitles":["validateTheme"],"fullName":"validateTheme rejects invalid terminal font settings","status":"passed","title":"rejects invalid terminal font settings","duration":0.2831999999999937,"failureMessages":[],"meta":{},"tags":[]},{"ancestorTitles":["validateTheme"],"fullName":"validateTheme captures optional author, description, and editor theme","status":"passed","title":"captures optional author, description, and editor theme","duration":0.20539999999999736,"failureMessages":[],"meta":{},"tags":[]}],"startTime":1785061180618,"endTime":1785061180622.2832,"status":"passed","message":"","name":"C:/Users/Admin/openagent/openagent/src/modules/theme/validateTheme.test.ts"},{"assertionResults":[{"ancestorTitles":["agent launch commands"],"fullName":"agent launch commands defines a non-empty default for every launcher","status":"passed","title":"defines a non-empty default for every launcher","duration":0.9371000000001004,"failureMessages":[],"meta":{},"tags":[]},{"ancestorTitles":["agent launch commands"],"fullName":"agent launch commands accepts aliases and arguments while trimming whitespace","status":"passed","title":"accepts aliases and arguments while trimming whitespace","duration":0.3947000000002845,"failureMessages":[],"meta":{},"tags":[]},{"ancestorTitles":["agent launch commands"],"fullName":"agent launch commands rejects blank, multiline, and oversized commands","status":"passed","title":"rejects blank, multiline, and oversized commands","duration":0.4926999999997861,"failureMessages":[],"meta":{},"tags":[]},{"ancestorTitles":["agent launch commands"],"fullName":"agent launch commands falls back per agent when persisted preferences are malformed","status":"passed","title":"falls back per agent when persisted preferences are malformed","duration":0.15659999999979846,"failureMessages":[],"meta":{},"tags":[]},{"ancestorTitles":["createAgentPanePlan"],"fullName":"createAgentPanePlan creates 1 unique leaves with the requested cwd","status":"passed","title":"creates 1 unique leaves with the requested cwd","duration":0.22919999999976426,"failureMessages":[],"meta":{},"tags":[]},{"ancestorTitles":["createAgentPanePlan"],"fullName":"createAgentPanePlan creates 2 unique leaves with the requested cwd","status":"passed","title":"creates 2 unique leaves with the requested cwd","duration":0.12619999999969878,"failureMessages":[],"meta":{},"tags":[]},{"ancestorTitles":["createAgentPanePlan"],"fullName":"createAgentPanePlan creates 3 unique leaves with the requested cwd","status":"passed","title":"creates 3 unique leaves with the requested cwd","duration":0.316899999999805,"failureMessages":[],"meta":{},"tags":[]},{"ancestorTitles":["createAgentPanePlan"],"fullName":"createAgentPanePlan creates 4 unique leaves with the requested cwd","status":"passed","title":"creates 4 unique leaves with the requested cwd","duration":0.3124000000002525,"failureMessages":[],"meta":{},"tags":[]},{"ancestorTitles":["createAgentPanePlan"],"fullName":"createAgentPanePlan balances four agents into a two by two grid","status":"passed","title":"balances four agents into a two by two grid","duration":0.5594999999998436,"failureMessages":[],"meta":{},"tags":[]},{"ancestorTitles":["createAgentPanePlan"],"fullName":"createAgentPanePlan rejects counts outside the renderer pool limit","status":"passed","title":"rejects counts outside the renderer pool limit","duration":0.2195000000001528,"failureMessages":[],"meta":{},"tags":[]}],"startTime":1785061182083,"endTime":1785061182087.2195,"status":"passed","message":"","name":"C:/Users/Admin/openagent/openagent/src/modules/agents/lib/launcher.test.ts"},{"assertionResults":[{"ancestorTitles":["BUILTIN_AGENTS"],"fullName":"BUILTIN_AGENTS all carry unique ids and the builtIn flag","status":"passed","title":"all carry unique ids and the builtIn flag","duration":1.6881999999999948,"failureMessages":[],"meta":{},"tags":[]},{"ancestorTitles":["findAgent"],"fullName":"findAgent returns the agent whose id matches","status":"passed","title":"returns the agent whose id matches","duration":0.2540000000000191,"failureMessages":[],"meta":{},"tags":[]},{"ancestorTitles":["findAgent"],"fullName":"findAgent falls back to the first builtin for a missing id","status":"passed","title":"falls back to the first builtin for a missing id","duration":0.13949999999999818,"failureMessages":[],"meta":{},"tags":[]},{"ancestorTitles":["findAgent"],"fullName":"findAgent falls back to the first builtin for null, undefined, or empty id","status":"passed","title":"falls back to the first builtin for null, undefined, or empty id","duration":0.19479999999998654,"failureMessages":[],"meta":{},"tags":[]}],"startTime":1785061180696,"endTime":1785061180699.1948,"status":"passed","message":"","name":"C:/Users/Admin/openagent/openagent/src/modules/ai/lib/agents.test.ts"},{"assertionResults":[{"ancestorTitles":["compactModelMessagesDetailed"],"fullName":"compactModelMessagesDetailed returns the input untouched when it fits the context budget","status":"passed","title":"returns the input untouched when it fits the context budget","duration":1.7105999999999995,"failureMessages":[],"meta":{},"tags":[]},{"ancestorTitles":["compactModelMessagesDetailed"],"fullName":"compactModelMessagesDetailed elides a read result once its file has been written","status":"passed","title":"elides a read result once its file has been written","duration":0.6085999999999956,"failureMessages":[],"meta":{},"tags":[]},{"ancestorTitles":["compactModelMessagesDetailed"],"fullName":"compactModelMessagesDetailed keeps the latest read of a path and elides the superseded one","status":"passed","title":"keeps the latest read of a path and elides the superseded one","duration":0.29050000000000864,"failureMessages":[],"meta":{},"tags":[]},{"ancestorTitles":["compactModelMessagesDetailed"],"fullName":"compactModelMessagesDetailed does not elide superseded reads while under the budget","status":"passed","title":"does not elide superseded reads while under the budget","duration":0.18720000000001846,"failureMessages":[],"meta":{},"tags":[]},{"ancestorTitles":["compactModelMessagesDetailed"],"fullName":"compactModelMessagesDetailed is idempotent: re-running does not re-elide an already-elided result","status":"passed","title":"is idempotent: re-running does not re-elide an already-elided result","duration":0.26439999999999486,"failureMessages":[],"meta":{},"tags":[]},{"ancestorTitles":["compactModelMessages"],"fullName":"compactModelMessages returns the messages array from the detailed result","status":"passed","title":"returns the messages array from the detailed result","duration":0.15930000000000177,"failureMessages":[],"meta":{},"tags":[]}],"startTime":1785061180803,"endTime":1785061180806.2644,"status":"passed","message":"","name":"C:/Users/Admin/openagent/openagent/src/modules/ai/lib/compact.test.ts"},{"assertionResults":[{"ancestorTitles":["formatAiError"],"fullName":"formatAiError surfaces nested provider model errors","status":"passed","title":"surfaces nested provider model errors","duration":1.6356999999999857,"failureMessages":[],"meta":{},"tags":[]},{"ancestorTitles":["formatAiError"],"fullName":"formatAiError extracts structured response bodies from SDK errors","status":"passed","title":"extracts structured response bodies from SDK errors","duration":0.25619999999997844,"failureMessages":[],"meta":{},"tags":[]},{"ancestorTitles":["formatAiError"],"fullName":"formatAiError preserves useful local errors","status":"passed","title":"preserves useful local errors","duration":0.2747999999999706,"failureMessages":[],"meta":{},"tags":[]},{"ancestorTitles":["formatAiError"],"fullName":"formatAiError redacts credential-like values","status":"passed","title":"redacts credential-like values","duration":0.2044999999999959,"failureMessages":[],"meta":{},"tags":[]},{"ancestorTitles":["formatAiError"],"fullName":"formatAiError uses an actionable fallback for unknown error shapes","status":"passed","title":"uses an actionable fallback for unknown error shapes","duration":0.1319000000000301,"failureMessages":[],"meta":{},"tags":[]},{"ancestorTitles":["formatAiError"],"fullName":"formatAiError preserves provider details through the AI SDK UI stream","status":"passed","title":"preserves provider details through the AI SDK UI stream","duration":14.817900000000009,"failureMessages":[],"meta":{},"tags":[]}],"startTime":1785061180339,"endTime":1785061180355.8179,"status":"passed","message":"","name":"C:/Users/Admin/openagent/openagent/src/modules/ai/lib/errors.test.ts"},{"assertionResults":[{"ancestorTitles":["defaultGeom"],"fullName":"defaultGeom anchors to the bottom-right and stays on screen","status":"passed","title":"anchors to the bottom-right and stays on screen","duration":1.7072000000000003,"failureMessages":[],"meta":{},"tags":[]},{"ancestorTitles":["defaultGeom"],"fullName":"defaultGeom never goes below the minimum size on a tiny viewport","status":"passed","title":"never goes below the minimum size on a tiny viewport","duration":0.3009999999999877,"failureMessages":[],"meta":{},"tags":[]},{"ancestorTitles":["clampGeom"],"fullName":"clampGeom keeps the window fully within the viewport","status":"passed","title":"keeps the window fully within the viewport","duration":0.16569999999995844,"failureMessages":[],"meta":{},"tags":[]},{"ancestorTitles":["clampGeom"],"fullName":"clampGeom enforces the minimum size","status":"passed","title":"enforces the minimum size","duration":0.17250000000001364,"failureMessages":[],"meta":{},"tags":[]},{"ancestorTitles":["applyDrag"],"fullName":"applyDrag moves by the delta","status":"passed","title":"moves by the delta","duration":0.6052999999999997,"failureMessages":[],"meta":{},"tags":[]},{"ancestorTitles":["applyDrag"],"fullName":"applyDrag cannot be dragged off the right or bottom edge","status":"passed","title":"cannot be dragged off the right or bottom edge","duration":0.151299999999992,"failureMessages":[],"meta":{},"tags":[]},{"ancestorTitles":["applyDrag"],"fullName":"applyDrag cannot be dragged off the top or left edge","status":"passed","title":"cannot be dragged off the top or left edge","duration":0.1139999999999759,"failureMessages":[],"meta":{},"tags":[]},{"ancestorTitles":["applyResize"],"fullName":"applyResize grows width from the east handle","status":"passed","title":"grows width from the east handle","duration":0.15989999999999327,"failureMessages":[],"meta":{},"tags":[]},{"ancestorTitles":["applyResize"],"fullName":"applyResize west handle keeps the right edge anchored","status":"passed","title":"west handle keeps the right edge anchored","duration":0.1782000000000039,"failureMessages":[],"meta":{},"tags":[]},{"ancestorTitles":["applyResize"],"fullName":"applyResize north handle keeps the bottom edge anchored","status":"passed","title":"north handle keeps the bottom edge anchored","duration":0.16879999999997608,"failureMessages":[],"meta":{},"tags":[]},{"ancestorTitles":["applyResize"],"fullName":"applyResize clamps to the minimum size","status":"passed","title":"clamps to the minimum size","duration":0.1443999999999619,"failureMessages":[],"meta":{},"tags":[]},{"ancestorTitles":["applyResize"],"fullName":"applyResize north-west corner stops at the viewport edges","status":"passed","title":"north-west corner stops at the viewport edges","duration":0.20619999999996708,"failureMessages":[],"meta":{},"tags":[]},{"ancestorTitles":["applyResize"],"fullName":"applyResize south-east corner resizes both axes, clamped to the viewport","status":"passed","title":"south-east corner resizes both axes, clamped to the viewport","duration":0.14049999999997453,"failureMessages":[],"meta":{},"tags":[]},{"ancestorTitles":["applyResize"],"fullName":"applyResize east handle never moves the top edge","status":"passed","title":"east handle never moves the top edge","duration":0.06980000000004338,"failureMessages":[],"meta":{},"tags":[]}],"startTime":1785061180239,"endTime":1785061180244.2063,"status":"passed","message":"","name":"C:/Users/Admin/openagent/openagent/src/modules/ai/lib/miniWindowGeometry.test.ts"},{"assertionResults":[{"ancestorTitles":["prepareAgentPrompt"],"fullName":"prepareAgentPrompt keeps trusted instructions outside conversation messages","status":"passed","title":"keeps trusted instructions outside conversation messages","duration":1.913499999999999,"failureMessages":[],"meta":{},"tags":[]},{"ancestorTitles":["prepareAgentPrompt"],"fullName":"prepareAgentPrompt keeps Anthropic cache markers on the stable prefix and rotating tail","status":"passed","title":"keeps Anthropic cache markers on the stable prefix and rotating tail","duration":0.4712000000000103,"failureMessages":[],"meta":{},"tags":[]},{"ancestorTitles":["prepareAgentPrompt"],"fullName":"prepareAgentPrompt does not trigger the SDK system-message warning","status":"passed","title":"does not trigger the SDK system-message warning","duration":14.871499999999969,"failureMessages":[],"meta":{},"tags":[]}],"startTime":1785061180339,"endTime":1785061180355.8716,"status":"passed","message":"","name":"C:/Users/Admin/openagent/openagent/src/modules/ai/lib/prompt.test.ts"},{"assertionResults":[{"ancestorTitles":["redactSensitive"],"fullName":"redactSensitive removes a openai key from surrounding text","status":"passed","title":"removes a openai key from surrounding text","duration":2.0604999999999905,"failureMessages":[],"meta":{},"tags":[]},{"ancestorTitles":["redactSensitive"],"fullName":"redactSensitive removes a anthropic key from surrounding text","status":"passed","title":"removes a anthropic key from surrounding text","duration":0.2617000000000189,"failureMessages":[],"meta":{},"tags":[]},{"ancestorTitles":["redactSensitive"],"fullName":"redactSensitive removes a aws access key from surrounding text","status":"passed","title":"removes a aws access key from surrounding text","duration":0.17449999999996635,"failureMessages":[],"meta":{},"tags":[]},{"ancestorTitles":["redactSensitive"],"fullName":"redactSensitive removes a github token from surrounding text","status":"passed","title":"removes a github token from surrounding text","duration":0.13400000000001455,"failureMessages":[],"meta":{},"tags":[]},{"ancestorTitles":["redactSensitive"],"fullName":"redactSensitive removes a github pat from surrounding text","status":"passed","title":"removes a github pat from surrounding text","duration":0.18360000000001264,"failureMessages":[],"meta":{},"tags":[]},{"ancestorTitles":["redactSensitive"],"fullName":"redactSensitive removes a google api key from surrounding text","status":"passed","title":"removes a google api key from surrounding text","duration":0.2867999999999711,"failureMessages":[],"meta":{},"tags":[]},{"ancestorTitles":["redactSensitive"],"fullName":"redactSensitive removes a slack token from surrounding text","status":"passed","title":"removes a slack token from surrounding text","duration":0.12030000000004293,"failureMessages":[],"meta":{},"tags":[]},{"ancestorTitles":["redactSensitive"],"fullName":"redactSensitive removes a stripe key from surrounding text","status":"passed","title":"removes a stripe key from surrounding text","duration":0.3230000000000359,"failureMessages":[],"meta":{},"tags":[]},{"ancestorTitles":["redactSensitive"],"fullName":"redactSensitive removes a jwt from surrounding text","status":"passed","title":"removes a jwt from surrounding text","duration":0.16100000000000136,"failureMessages":[],"meta":{},"tags":[]},{"ancestorTitles":["redactSensitive"],"fullName":"redactSensitive redacts a bearer token while keeping the header name","status":"passed","title":"redacts a bearer token while keeping the header name","duration":0.25560000000001537,"failureMessages":[],"meta":{},"tags":[]},{"ancestorTitles":["redactSensitive"],"fullName":"redactSensitive redacts an assigned secret value but keeps the key name","status":"passed","title":"redacts an assigned secret value but keeps the key name","duration":0.12520000000000664,"failureMessages":[],"meta":{},"tags":[]},{"ancestorTitles":["redactSensitive"],"fullName":"redactSensitive redacts a password assignment","status":"passed","title":"redacts a password assignment","duration":0.084699999999998,"failureMessages":[],"meta":{},"tags":[]},{"ancestorTitles":["redactSensitive"],"fullName":"redactSensitive leaves non-sensitive text untouched","status":"passed","title":"leaves non-sensitive text untouched","duration":0.05910000000000082,"failureMessages":[],"meta":{},"tags":[]},{"ancestorTitles":["redactSensitive"],"fullName":"redactSensitive redacts every secret when several appear together","status":"passed","title":"redacts every secret when several appear together","duration":0.07690000000002328,"failureMessages":[],"meta":{},"tags":[]}],"startTime":1785061180399,"endTime":1785061180404.1252,"status":"passed","message":"","name":"C:/Users/Admin/openagent/openagent/src/modules/ai/lib/redact.test.ts"},{"assertionResults":[{"ancestorTitles":["checkReadable — secret basenames"],"fullName":"checkReadable — secret basenames blocks plain .env","status":"passed","title":"blocks plain .env","duration":1.7621000000000322,"failureMessages":[],"meta":{},"tags":[]},{"ancestorTitles":["checkReadable — secret basenames"],"fullName":"checkReadable — secret basenames blocks .env.local and .env.production","status":"passed","title":"blocks .env.local and .env.production","duration":0.2524999999999977,"failureMessages":[],"meta":{},"tags":[]},{"ancestorTitles":["checkReadable — secret basenames"],"fullName":"checkReadable — secret basenames blocks .env with trailing Windows-stripped characters","status":"passed","title":"blocks .env with trailing Windows-stripped characters","duration":0.1512000000000171,"failureMessages":[],"meta":{},"tags":[]},{"ancestorTitles":["checkReadable — secret basenames"],"fullName":"checkReadable — secret basenames blocks NTFS alternate-data-stream notation for .env","status":"passed","title":"blocks NTFS alternate-data-stream notation for .env","duration":0.0946999999999889,"failureMessages":[],"meta":{},"tags":[]},{"ancestorTitles":["checkReadable — secret basenames"],"fullName":"checkReadable — secret basenames blocks SSH key backup naming patterns","status":"passed","title":"blocks SSH key backup naming patterns","duration":0.35859999999996717,"failureMessages":[],"meta":{},"tags":[]},{"ancestorTitles":["checkReadable — secret basenames"],"fullName":"checkReadable — secret basenames does not block names that merely start with id_rsa- prefix-prefix","status":"passed","title":"does not block names that merely start with id_rsa- prefix-prefix","duration":0.3061999999999898,"failureMessages":[],"meta":{},"tags":[]},{"ancestorTitles":["checkReadable — secret basenames"],"fullName":"checkReadable — secret basenames blocks credentials, .npmrc, .pypirc basenames","status":"passed","title":"blocks credentials, .npmrc, .pypirc basenames","duration":0.1823999999999728,"failureMessages":[],"meta":{},"tags":[]},{"ancestorTitles":["checkReadable — secret basenames"],"fullName":"checkReadable — secret basenames blocks *.pem, *.key, *.pfx regardless of basename prefix","status":"passed","title":"blocks *.pem, *.key, *.pfx regardless of basename prefix","duration":0.09930000000002792,"failureMessages":[],"meta":{},"tags":[]},{"ancestorTitles":["checkReadable — protected directories"],"fullName":"checkReadable — protected directories blocks reads under ~/.ssh, .aws, .kube, .git","status":"passed","title":"blocks reads under ~/.ssh, .aws, .kube, .git","duration":0.31829999999996517,"failureMessages":[],"meta":{},"tags":[]},{"ancestorTitles":["checkReadable — protected directories"],"fullName":"checkReadable — protected directories blocks reads under /etc, /proc, /sys (newly added)","status":"passed","title":"blocks reads under /etc, /proc, /sys (newly added)","duration":0.23409999999995534,"failureMessages":[],"meta":{},"tags":[]},{"ancestorTitles":["checkReadable — protected directories"],"fullName":"checkReadable — protected directories rejects path-segment look-alikes (.sshx is not .ssh)","status":"passed","title":"rejects path-segment look-alikes (.sshx is not .ssh)","duration":0.09739999999999327,"failureMessages":[],"meta":{},"tags":[]},{"ancestorTitles":["checkReadable — protected directories"],"fullName":"checkReadable — protected directories rejects writes under Windows system dirs (case-insensitive)","status":"passed","title":"rejects writes under Windows system dirs (case-insensitive)","duration":0.14979999999997062,"failureMessages":[],"meta":{},"tags":[]},{"ancestorTitles":["checkReadable — protected directories"],"fullName":"checkReadable — protected directories allows reads in user directories not under any protected dir","status":"passed","title":"allows reads in user directories not under any protected dir","duration":0.07510000000002037,"failureMessages":[],"meta":{},"tags":[]},{"ancestorTitles":["checkReadable — path normalization"],"fullName":"checkReadable — path normalization normalizes UNC and extended-length prefixes","status":"passed","title":"normalizes UNC and extended-length prefixes","duration":0.04040000000003374,"failureMessages":[],"meta":{},"tags":[]},{"ancestorTitles":["checkReadable — path normalization"],"fullName":"checkReadable — path normalization treats case-insensitively for protected dirs","status":"passed","title":"treats case-insensitively for protected dirs","duration":0.035799999999994725,"failureMessages":[],"meta":{},"tags":[]},{"ancestorTitles":["checkReadable — path normalization"],"fullName":"checkReadable — path normalization rejects empty paths and control bytes","status":"passed","title":"rejects empty paths and control bytes","duration":0.03930000000002565,"failureMessages":[],"meta":{},"tags":[]},{"ancestorTitles":["checkReadableCanonical — symlink defense + always-recheck"],"fullName":"checkReadableCanonical — symlink defense + always-recheck rechecks even when canonical equals input","status":"passed","title":"rechecks even when canonical equals input","duration":0.1595999999999549,"failureMessages":[],"meta":{},"tags":[]},{"ancestorTitles":["checkReadableCanonical — symlink defense + always-recheck"],"fullName":"checkReadableCanonical — symlink defense + always-recheck catches a symlink that resolves into ~/.ssh","status":"passed","title":"catches a symlink that resolves into ~/.ssh","duration":0.07100000000002638,"failureMessages":[],"meta":{},"tags":[]},{"ancestorTitles":["checkReadableCanonical — symlink defense + always-recheck"],"fullName":"checkReadableCanonical — symlink defense + always-recheck passes a normal allowed read through with canonical path","status":"passed","title":"passes a normal allowed read through with canonical path","duration":0.07049999999998136,"failureMessages":[],"meta":{},"tags":[]},{"ancestorTitles":["checkShellCommand — Trojan Source / bidi defense"],"fullName":"checkShellCommand — Trojan Source / bidi defense rejects commands with U+202E (right-to-left override)","status":"passed","title":"rejects commands with U+202E (right-to-left override)","duration":0.12739999999996598,"failureMessages":[],"meta":{},"tags":[]},{"ancestorTitles":["checkShellCommand — Trojan Source / bidi defense"],"fullName":"checkShellCommand — Trojan Source / bidi defense rejects commands with U+2066/U+2069 (isolate marks)","status":"passed","title":"rejects commands with U+2066/U+2069 (isolate marks)","duration":0.05349999999998545,"failureMessages":[],"meta":{},"tags":[]},{"ancestorTitles":["checkShellCommand — Trojan Source / bidi defense"],"fullName":"checkShellCommand — Trojan Source / bidi defense rejects commands with U+200E (LRM) — invisible direction mark","status":"passed","title":"rejects commands with U+200E (LRM) — invisible direction mark","duration":0.03509999999999991,"failureMessages":[],"meta":{},"tags":[]},{"ancestorTitles":["checkShellCommand — Trojan Source / bidi defense"],"fullName":"checkShellCommand — Trojan Source / bidi defense allows benign commands with regular text","status":"passed","title":"allows benign commands with regular text","duration":0.5240000000000009,"failureMessages":[],"meta":{},"tags":[]},{"ancestorTitles":["checkShellCommand — Trojan Source / bidi defense"],"fullName":"checkShellCommand — Trojan Source / bidi defense still blocks classic destructive patterns","status":"passed","title":"still blocks classic destructive patterns","duration":0.09049999999996317,"failureMessages":[],"meta":{},"tags":[]},{"ancestorTitles":["checkShellCommand — control-character / newline injection"],"fullName":"checkShellCommand — control-character / newline injection rejects commands containing LF","status":"passed","title":"rejects commands containing LF","duration":0.056199999999989814,"failureMessages":[],"meta":{},"tags":[]},{"ancestorTitles":["checkShellCommand — control-character / newline injection"],"fullName":"checkShellCommand — control-character / newline injection rejects commands containing CR","status":"passed","title":"rejects commands containing CR","duration":0.027699999999981628,"failureMessages":[],"meta":{},"tags":[]},{"ancestorTitles":["checkShellCommand — control-character / newline injection"],"fullName":"checkShellCommand — control-character / newline injection rejects commands containing CRLF","status":"passed","title":"rejects commands containing CRLF","duration":0.02179999999998472,"failureMessages":[],"meta":{},"tags":[]},{"ancestorTitles":["checkShellCommand — control-character / newline injection"],"fullName":"checkShellCommand — control-character / newline injection rejects commands containing tab","status":"passed","title":"rejects commands containing tab","duration":0.02019999999998845,"failureMessages":[],"meta":{},"tags":[]},{"ancestorTitles":["checkShellCommand — control-character / newline injection"],"fullName":"checkShellCommand — control-character / newline injection rejects commands containing NUL","status":"passed","title":"rejects commands containing NUL","duration":0.0332000000000221,"failureMessages":[],"meta":{},"tags":[]},{"ancestorTitles":["checkShellCommand — control-character / newline injection"],"fullName":"checkShellCommand — control-character / newline injection rejects commands containing VT","status":"passed","title":"rejects commands containing VT","duration":0.021000000000015007,"failureMessages":[],"meta":{},"tags":[]},{"ancestorTitles":["checkShellCommand — control-character / newline injection"],"fullName":"checkShellCommand — control-character / newline injection rejects newline-smuggled exfil that bypasses per-pattern guards","status":"passed","title":"rejects newline-smuggled exfil that bypasses per-pattern guards","duration":0.8817999999999984,"failureMessages":[],"meta":{},"tags":[]},{"ancestorTitles":["checkShellCommand — home directory rm guard"],"fullName":"checkShellCommand — home directory rm guard blocks rm -rf with ${HOME} (braces variant)","status":"passed","title":"blocks rm -rf with ${HOME} (braces variant)","duration":0.14389999999997372,"failureMessages":[],"meta":{},"tags":[]},{"ancestorTitles":["checkShellCommand — home directory rm guard"],"fullName":"checkShellCommand — home directory rm guard blocks rm -rf on home subdirectories","status":"passed","title":"blocks rm -rf on home subdirectories","duration":0.08830000000000382,"failureMessages":[],"meta":{},"tags":[]},{"ancestorTitles":["checkShellCommand — home directory rm guard"],"fullName":"checkShellCommand — home directory rm guard blocks rm -rf when the home target is immediately followed by a pipe","status":"passed","title":"blocks rm -rf when the home target is immediately followed by a pipe","duration":0.09919999999999618,"failureMessages":[],"meta":{},"tags":[]},{"ancestorTitles":["checkShellCommand — home directory rm guard"],"fullName":"checkShellCommand — home directory rm guard does not block rm -rf on explicit absolute paths","status":"passed","title":"does not block rm -rf on explicit absolute paths","duration":0.05709999999999127,"failureMessages":[],"meta":{},"tags":[]}],"startTime":1785061180238,"endTime":1785061180245.1438,"status":"passed","message":"","name":"C:/Users/Admin/openagent/openagent/src/modules/ai/lib/security.test.ts"},{"assertionResults":[{"ancestorTitles":["normalizeHandle"],"fullName":"normalizeHandle lowercases and hyphenates whitespace","status":"passed","title":"lowercases and hyphenates whitespace","duration":1.5493000000000166,"failureMessages":[],"meta":{},"tags":[]},{"ancestorTitles":["normalizeHandle"],"fullName":"normalizeHandle drops characters outside [a-z0-9-]","status":"passed","title":"drops characters outside [a-z0-9-]","duration":0.175200000000018,"failureMessages":[],"meta":{},"tags":[]},{"ancestorTitles":["normalizeHandle"],"fullName":"normalizeHandle collapses repeated hyphens and trims leading/trailing ones","status":"passed","title":"collapses repeated hyphens and trims leading/trailing ones","duration":0.1248000000000502,"failureMessages":[],"meta":{},"tags":[]},{"ancestorTitles":["isValidHandle"],"fullName":"isValidHandle accepts lowercase alphanumeric handles","status":"passed","title":"accepts lowercase alphanumeric handles","duration":0.2787000000000148,"failureMessages":[],"meta":{},"tags":[]},{"ancestorTitles":["isValidHandle"],"fullName":"isValidHandle rejects empty, leading-hyphen, and uppercase handles","status":"passed","title":"rejects empty, leading-hyphen, and uppercase handles","duration":0.16840000000001965,"failureMessages":[],"meta":{},"tags":[]},{"ancestorTitles":["expandSnippetTokens"],"fullName":"expandSnippetTokens replaces a known token and emits its block","status":"passed","title":"replaces a known token and emits its block","duration":0.8761000000000081,"failureMessages":[],"meta":{},"tags":[]},{"ancestorTitles":["expandSnippetTokens"],"fullName":"expandSnippetTokens matches handles case-insensitively","status":"passed","title":"matches handles case-insensitively","duration":0.31380000000001473,"failureMessages":[],"meta":{},"tags":[]},{"ancestorTitles":["expandSnippetTokens"],"fullName":"expandSnippetTokens expands multiple distinct tokens in order","status":"passed","title":"expands multiple distinct tokens in order","duration":0.147199999999998,"failureMessages":[],"meta":{},"tags":[]},{"ancestorTitles":["expandSnippetTokens"],"fullName":"expandSnippetTokens emits a repeated snippet only once","status":"passed","title":"emits a repeated snippet only once","duration":0.5444999999999709,"failureMessages":[],"meta":{},"tags":[]},{"ancestorTitles":["expandSnippetTokens"],"fullName":"expandSnippetTokens leaves unknown tokens untouched","status":"passed","title":"leaves unknown tokens untouched","duration":0.16149999999998954,"failureMessages":[],"meta":{},"tags":[]},{"ancestorTitles":["expandSnippetTokens"],"fullName":"expandSnippetTokens does not expand a token glued to a preceding word","status":"passed","title":"does not expand a token glued to a preceding word","duration":0.08240000000000691,"failureMessages":[],"meta":{},"tags":[]}],"startTime":1785061180219,"endTime":1785061180223.5444,"status":"passed","message":"","name":"C:/Users/Admin/openagent/openagent/src/modules/ai/lib/snippets.test.ts"},{"assertionResults":[{"ancestorTitles":["edit tool guards"],"fullName":"edit tool guards refuses to edit a file that was never read (read-before-edit)","status":"passed","title":"refuses to edit a file that was never read (read-before-edit)","duration":3.531499999999994,"failureMessages":[],"meta":{},"tags":[]},{"ancestorTitles":["edit tool guards"],"fullName":"edit tool guards errors when old_string is absent","status":"passed","title":"errors when old_string is absent","duration":1.108699999999999,"failureMessages":[],"meta":{},"tags":[]},{"ancestorTitles":["edit tool guards"],"fullName":"edit tool guards errors when old_string is not unique and replace_all is off","status":"passed","title":"errors when old_string is not unique and replace_all is off","duration":0.7492000000000303,"failureMessages":[],"meta":{},"tags":[]},{"ancestorTitles":["edit tool guards"],"fullName":"edit tool guards rejects an identical old and new string","status":"passed","title":"rejects an identical old and new string","duration":0.6237999999999602,"failureMessages":[],"meta":{},"tags":[]},{"ancestorTitles":["edit tool guards"],"fullName":"edit tool guards rejects an empty old_string","status":"passed","title":"rejects an empty old_string","duration":0.5676999999999452,"failureMessages":[],"meta":{},"tags":[]},{"ancestorTitles":["edit tool guards"],"fullName":"edit tool guards refuses binary and oversized files","status":"passed","title":"refuses binary and oversized files","duration":0.6804999999999382,"failureMessages":[],"meta":{},"tags":[]},{"ancestorTitles":["edit tool replacement"],"fullName":"edit tool replacement writes the file with a single unique replacement","status":"passed","title":"writes the file with a single unique replacement","duration":1.524000000000001,"failureMessages":[],"meta":{},"tags":[]},{"ancestorTitles":["edit tool replacement"],"fullName":"edit tool replacement replaces every occurrence and counts them with replace_all","status":"passed","title":"replaces every occurrence and counts them with replace_all","duration":1.091199999999958,"failureMessages":[],"meta":{},"tags":[]},{"ancestorTitles":["multi_edit atomicity"],"fullName":"multi_edit atomicity applies edits in order against the running buffer","status":"passed","title":"applies edits in order against the running buffer","duration":1.477200000000039,"failureMessages":[],"meta":{},"tags":[]},{"ancestorTitles":["multi_edit atomicity"],"fullName":"multi_edit atomicity writes nothing when a later edit in the batch fails","status":"passed","title":"writes nothing when a later edit in the batch fails","duration":1.2188999999999623,"failureMessages":[],"meta":{},"tags":[]},{"ancestorTitles":["multi_edit atomicity"],"fullName":"multi_edit atomicity writes nothing when a later edit is non-unique","status":"passed","title":"writes nothing when a later edit is non-unique","duration":0.7450000000000045,"failureMessages":[],"meta":{},"tags":[]}],"startTime":1785061180405,"endTime":1785061180418.745,"status":"passed","message":"","name":"C:/Users/Admin/openagent/openagent/src/modules/ai/tools/edit.test.ts"},{"assertionResults":[{"ancestorTitles":["AI search tools path safety"],"fullName":"AI search tools path safety filters grep hits that read_file would refuse","status":"passed","title":"filters grep hits that read_file would refuse","duration":4.71629999999999,"failureMessages":[],"meta":{},"tags":[]},{"ancestorTitles":["AI search tools path safety"],"fullName":"AI search tools path safety filters glob hits that enumerate sensitive paths","status":"passed","title":"filters glob hits that enumerate sensitive paths","duration":1.2520000000000095,"failureMessages":[],"meta":{},"tags":[]}],"startTime":1785061180404,"endTime":1785061180410.252,"status":"passed","message":"","name":"C:/Users/Admin/openagent/openagent/src/modules/ai/tools/search.test.ts"},{"assertionResults":[{"ancestorTitles":["fuzzyScore"],"fullName":"fuzzyScore returns 0 for an empty query","status":"passed","title":"returns 0 for an empty query","duration":1.4946999999999946,"failureMessages":[],"meta":{},"tags":[]},{"ancestorTitles":["fuzzyScore"],"fullName":"fuzzyScore returns null when not a subsequence","status":"passed","title":"returns null when not a subsequence","duration":0.24380000000002156,"failureMessages":[],"meta":{},"tags":[]},{"ancestorTitles":["fuzzyScore"],"fullName":"fuzzyScore matches non-contiguous subsequences","status":"passed","title":"matches non-contiguous subsequences","duration":0.1893000000000029,"failureMessages":[],"meta":{},"tags":[]},{"ancestorTitles":["fuzzyScore"],"fullName":"fuzzyScore scores word-boundary matches above mid-word matches","status":"passed","title":"scores word-boundary matches above mid-word matches","duration":0.234800000000007,"failureMessages":[],"meta":{},"tags":[]},{"ancestorTitles":["fuzzyScore"],"fullName":"fuzzyScore rewards consecutive runs over scattered matches","status":"passed","title":"rewards consecutive runs over scattered matches","duration":0.1782999999999788,"failureMessages":[],"meta":{},"tags":[]},{"ancestorTitles":["fuzzyBest"],"fullName":"fuzzyBest takes the highest-scoring candidate","status":"passed","title":"takes the highest-scoring candidate","duration":0.17279999999999518,"failureMessages":[],"meta":{},"tags":[]},{"ancestorTitles":["fuzzyBest"],"fullName":"fuzzyBest returns null when no candidate matches","status":"passed","title":"returns null when no candidate matches","duration":0.11750000000000682,"failureMessages":[],"meta":{},"tags":[]}],"startTime":1785061180708,"endTime":1785061180711.1782,"status":"passed","message":"","name":"C:/Users/Admin/openagent/openagent/src/modules/command-palette/lib/fuzzy.test.ts"},{"assertionResults":[{"ancestorTitles":["parseQuery"],"fullName":"parseQuery defaults to commands mode with a trimmed term","status":"passed","title":"defaults to commands mode with a trimmed term","duration":1.1353000000000009,"failureMessages":[],"meta":{},"tags":[]},{"ancestorTitles":["parseQuery"],"fullName":"parseQuery routes > to command history","status":"passed","title":"routes > to command history","duration":0.35599999999999454,"failureMessages":[],"meta":{},"tags":[]},{"ancestorTitles":["parseQuery"],"fullName":"parseQuery routes # to content search","status":"passed","title":"routes # to content search","duration":0.11370000000002278,"failureMessages":[],"meta":{},"tags":[]},{"ancestorTitles":["parseQuery"],"fullName":"parseQuery routes ? to help","status":"passed","title":"routes ? to help","duration":0.1115000000000066,"failureMessages":[],"meta":{},"tags":[]}],"startTime":1785061180828,"endTime":1785061180830.1138,"status":"p
[...]
steIntoTerminal"],"fullName":"pasteIntoTerminal pastes and focuses the resolved terminal","status":"passed","title":"pastes and focuses the resolved terminal","duration":3.1166000000000054,"failureMessages":[],"meta":{},"tags":[]},{"ancestorTitles":["pasteIntoTerminal"],"fullName":"pasteIntoTerminal returns false when no terminal is resolved","status":"passed","title":"returns false when no terminal is resolved","duration":0.2179999999999893,"failureMessages":[],"meta":{},"tags":[]}],"startTime":1785061180801,"endTime":1785061180804.218,"status":"passed","message":"","name":"C:/Users/Admin/openagent/openagent/src/modules/terminal/lib/terminalPaste.test.ts"},{"assertionResults":[{"ancestorTitles":["createTerminalPathDropTarget"],"fullName":"createTerminalPathDropTarget tracks the terminal leaf under the pointer","status":"passed","title":"tracks the terminal leaf under the pointer","duration":2.010400000000004,"failureMessages":[],"meta":{},"tags":[]},{"ancestorTitles":["createTerminalPathDropTarget"],"fullName":"createTerminalPathDropTarget clears the target and pastes a shell-quoted path","status":"passed","title":"clears the target and pastes a shell-quoted path","duration":1.0498999999999796,"failureMessages":[],"meta":{},"tags":[]},{"ancestorTitles":["createTerminalPathDropTarget"],"fullName":"createTerminalPathDropTarget clears stale state when a drop misses every terminal","status":"passed","title":"clears stale state when a drop misses every terminal","duration":0.431699999999978,"failureMessages":[],"meta":{},"tags":[]}],"startTime":1785061180732,"endTime":1785061180735.4316,"status":"passed","message":"","name":"C:/Users/Admin/openagent/openagent/src/modules/terminal/lib/useTerminalFileDrop.test.ts"},{"assertionResults":[{"ancestorTitles":["normalizeIndent"],"fullName":"normalizeIndent converts tab-led lines into a space file","status":"passed","title":"converts tab-led lines into a space file","duration":1.6576000000000022,"failureMessages":[],"meta":{},"tags":[]},{"ancestorTitles":["normalizeIndent"],"fullName":"normalizeIndent converts space-led lines into a tab file","status":"passed","title":"converts space-led lines into a tab file","duration":0.2266999999999939,"failureMessages":[],"meta":{},"tags":[]},{"ancestorTitles":["normalizeIndent"],"fullName":"normalizeIndent leaves ambiguous space widths alone in a tab file","status":"passed","title":"leaves ambiguous space widths alone in a tab file","duration":0.14280000000002246,"failureMessages":[],"meta":{},"tags":[]},{"ancestorTitles":["normalizeIndent"],"fullName":"normalizeIndent does not touch the first line or single-line suggestions","status":"passed","title":"does not touch the first line or single-line suggestions","duration":0.14060000000000628,"failureMessages":[],"meta":{},"tags":[]},{"ancestorTitles":["normalizeIndent"],"fullName":"normalizeIndent leaves matching styles untouched","status":"passed","title":"leaves matching styles untouched","duration":0.1022000000000105,"failureMessages":[],"meta":{},"tags":[]},{"ancestorTitles":["normalizeIndent"],"fullName":"normalizeIndent converts mixed tab+space leads in a space file","status":"passed","title":"converts mixed tab+space leads in a space file","duration":0.09820000000001983,"failureMessages":[],"meta":{},"tags":[]}],"startTime":1785061180534,"endTime":1785061180537.1023,"status":"passed","message":"","name":"C:/Users/Admin/openagent/openagent/src/modules/editor/lib/autocomplete/normalizeIndent.test.ts"},{"assertionResults":[{"ancestorTitles":["trimContext"],"fullName":"trimContext leaves short prefix and suffix unchanged","status":"passed","title":"leaves short prefix and suffix unchanged","duration":1.7241999999999962,"failureMessages":[],"meta":{},"tags":[]},{"ancestorTitles":["trimContext"],"fullName":"trimContext keeps the tail of an over-long prefix (nearest the cursor)","status":"passed","title":"keeps the tail of an over-long prefix (nearest the cursor)","duration":1.03449999999998,"failureMessages":[],"meta":{},"tags":[]},{"ancestorTitles":["trimContext"],"fullName":"trimContext keeps the head of an over-long suffix (nearest the cursor)","status":"passed","title":"keeps the head of an over-long suffix (nearest the cursor)","duration":0.2954000000000292,"failureMessages":[],"meta":{},"tags":[]},{"ancestorTitles":["buildUserPrompt"],"fullName":"buildUserPrompt wraps prefix and suffix in fenced blocks","status":"passed","title":"wraps prefix and suffix in fenced blocks","duration":0.25560000000001537,"failureMessages":[],"meta":{},"tags":[]},{"ancestorTitles":["buildUserPrompt"],"fullName":"buildUserPrompt omits the metadata block when no metadata is provided","status":"passed","title":"omits the metadata block when no metadata is provided","duration":0.158299999999997,"failureMessages":[],"meta":{},"tags":[]},{"ancestorTitles":["buildUserPrompt"],"fullName":"buildUserPrompt includes file, language, and space-indent metadata","status":"passed","title":"includes file, language, and space-indent metadata","duration":0.1816000000000031,"failureMessages":[],"meta":{},"tags":[]},{"ancestorTitles":["buildUserPrompt"],"fullName":"buildUserPrompt labels a tab indent unit as tabs","status":"passed","title":"labels a tab indent unit as tabs","duration":0.13560000000001082,"failureMessages":[],"meta":{},"tags":[]},{"ancestorTitles":["buildUserPrompt"],"fullName":"buildUserPrompt truncates the embedded context to the trim limits","status":"passed","title":"truncates the embedded context to the trim limits","duration":0.2592999999999961,"failureMessages":[],"meta":{},"tags":[]}],"startTime":1785061180381,"endTime":1785061180385.2593,"status":"passed","message":"","name":"C:/Users/Admin/openagent/openagent/src/modules/editor/lib/autocomplete/prompt.test.ts"},{"assertionResults":[{"ancestorTitles":["trimSuggestion"],"fullName":"trimSuggestion drops suggestions that echo the recent prefix","status":"passed","title":"drops suggestions that echo the recent prefix","duration":1.0238000000003922,"failureMessages":[],"meta":{},"tags":[]},{"ancestorTitles":["trimSuggestion"],"fullName":"trimSuggestion keeps genuinely new code","status":"passed","title":"keeps genuinely new code","duration":0.17689999999993233,"failureMessages":[],"meta":{},"tags":[]},{"ancestorTitles":["trimSuggestion"],"fullName":"trimSuggestion starts a multi-line suggestion on a new line after a completed statement","status":"passed","title":"starts a multi-line suggestion on a new line after a completed statement","duration":0.12789999999995416,"failureMessages":[],"meta":{},"tags":[]},{"ancestorTitles":["trimSuggestion"],"fullName":"trimSuggestion keeps single-line continuations inline after a semicolon","status":"passed","title":"keeps single-line continuations inline after a semicolon","duration":0.09140000000024884,"failureMessages":[],"meta":{},"tags":[]},{"ancestorTitles":["trimSuggestion"],"fullName":"trimSuggestion strips prefix-tail token overlap","status":"passed","title":"strips prefix-tail token overlap","duration":0.07639999999992142,"failureMessages":[],"meta":{},"tags":[]},{"ancestorTitles":["trimSuggestion"],"fullName":"trimSuggestion strips suffix overlap","status":"passed","title":"strips suffix overlap","duration":0.05780000000004293,"failureMessages":[],"meta":{},"tags":[]},{"ancestorTitles":["trimSuggestion"],"fullName":"trimSuggestion moves closing brackets off a completed line","status":"passed","title":"moves closing brackets off a completed line","duration":0.06289999999989959,"failureMessages":[],"meta":{},"tags":[]},{"ancestorTitles":["capToLineSuffix"],"fullName":"capToLineSuffix keeps multi-line ghosts when the line-suffix is only closers","status":"passed","title":"keeps multi-line ghosts when the line-suffix is only closers","duration":0.13779999999997017,"failureMessages":[],"meta":{},"tags":[]},{"ancestorTitles":["capToLineSuffix"],"fullName":"capToLineSuffix truncates to one line when real code follows the cursor","status":"passed","title":"truncates to one line when real code follows the cursor","duration":0.08169999999972788,"failureMessages":[],"meta":{},"tags":[]},{"ancestorTitles":["capToLineSuffix"],"fullName":"capToLineSuffix passes single-line ghosts through","status":"passed","title":"passes single-line ghosts through","duration":0.07570000000032451,"failureMessages":[],"meta":{},"tags":[]},{"ancestorTitles":["reindentClosers"],"fullName":"reindentClosers dedents a closer floating at body depth","status":"passed","title":"dedents a closer floating at body depth","duration":0.16350000000011278,"failureMessages":[],"meta":{},"tags":[]},{"ancestorTitles":["reindentClosers"],"fullName":"reindentClosers aligns a closer with its opener line","status":"passed","title":"aligns a closer with its opener line","duration":0.050499999999829015,"failureMessages":[],"meta":{},"tags":[]},{"ancestorTitles":["reindentClosers"],"fullName":"reindentClosers leaves correctly indented suggestions untouched","status":"passed","title":"leaves correctly indented suggestions untouched","duration":0.04010000000016589,"failureMessages":[],"meta":{},"tags":[]}],"startTime":1785061182128,"endTime":1785061182131.0505,"status":"passed","message":"","name":"C:/Users/Admin/openagent/openagent/src/modules/editor/lib/autocomplete/trimSuggestion.test.ts"},{"assertionResults":[{"ancestorTitles":["BlockDecorations — OSC 133 block lifecycle"],"fullName":"BlockDecorations — OSC 133 block lifecycle creates a finished block on C..D with command, exit code and range","status":"passed","title":"creates a finished block on C..D with command, exit code and range","duration":3.732399999999984,"failureMessages":[],"meta":{},"tags":[]},{"ancestorTitles":["BlockDecorations — OSC 133 block lifecycle"],"fullName":"BlockDecorations — OSC 133 block lifecycle records a non-zero exit code","status":"passed","title":"records a non-zero exit code","duration":0.5151000000000749,"failureMessages":[],"meta":{},"tags":[]},{"ancestorTitles":["BlockDecorations — OSC 133 block lifecycle"],"fullName":"BlockDecorations — OSC 133 block lifecycle keeps no finished block while a command is still running","status":"passed","title":"keeps no finished block while a command is still running","duration":0.3568000000000211,"failureMessages":[],"meta":{},"tags":[]},{"ancestorTitles":["BlockDecorations — OSC 133 block lifecycle"],"fullName":"BlockDecorations — OSC 133 block lifecycle auto-closes a live block when a new C arrives without a D","status":"passed","title":"auto-closes a live block when a new C arrives without a D","duration":0.43840000000000146,"failureMessages":[],"meta":{},"tags":[]},{"ancestorTitles":["BlockDecorations — OSC 133 block lifecycle"],"fullName":"BlockDecorations — OSC 133 block lifecycle ignores a D that arrives with no live block","status":"passed","title":"ignores a D that arrives with no live block","duration":0.30150000000003274,"failureMessages":[],"meta":{},"tags":[]},{"ancestorTitles":["BlockDecorations — OSC 133 block lifecycle"],"fullName":"BlockDecorations — OSC 133 block lifecycle reports hasAnyBlock for live and finished blocks","status":"passed","title":"reports hasAnyBlock for live and finished blocks","duration":0.40209999999990487,"failureMessages":[],"meta":{},"tags":[]},{"ancestorTitles":["BlockDecorations — OSC 133 block lifecycle"],"fullName":"BlockDecorations — OSC 133 block lifecycle caps history at MAX_BLOCKS, dropping the oldest","status":"passed","title":"caps history at MAX_BLOCKS, dropping the oldest","duration":29.647199999999998,"failureMessages":[],"meta":{},"tags":[]},{"ancestorTitles":["BlockDecorations — selection and navigation"],"fullName":"BlockDecorations — selection and navigation selectBlock selects the block range and clearBlockSelection drops it","status":"passed","title":"selectBlock selects the block range and clearBlockSelection drops it","duration":1.1736000000000786,"failureMessages":[],"meta":{},"tags":[]},{"ancestorTitles":["BlockDecorations — selection and navigation"],"fullName":"BlockDecorations — selection and navigation navigateBlocks starts at the most recent block and steps backwards","status":"passed","title":"navigateBlocks starts at the most recent block and steps backwards","duration":0.3894999999999982,"failureMessages":[],"meta":{},"tags":[]},{"ancestorTitles":["BlockDecorations — selection and navigation"],"fullName":"BlockDecorations — selection and navigation navigateBlocks stops at the edges","status":"passed","title":"navigateBlocks stops at the edges","duration":0.2620000000000573,"failureMessages":[],"meta":{},"tags":[]},{"ancestorTitles":["BlockDecorations — selection and navigation"],"fullName":"BlockDecorations — selection and navigation navigateBlocks is a no-op with no blocks","status":"passed","title":"navigateBlocks is a no-op with no blocks","duration":0.45690000000001874,"failureMessages":[],"meta":{},"tags":[]}],"startTime":1785061180400,"endTime":1785061180437.4568,"status":"passed","message":"","name":"C:/Users/Admin/openagent/openagent/src/modules/terminal/block/lib/blockDecorations.test.ts"},{"assertionResults":[{"ancestorTitles":["computeRange"],"fullName":"computeRange derives the range from current marker positions","status":"passed","title":"derives the range from current marker positions","duration":1.675200000000018,"failureMessages":[],"meta":{},"tags":[]},{"ancestorTitles":["computeRange"],"fullName":"computeRange tracks markers after the buffer scrolls (eviction shifts lines down)","status":"passed","title":"tracks markers after the buffer scrolls (eviction shifts lines down)","duration":0.25559999999998695,"failureMessages":[],"meta":{},"tags":[]},{"ancestorTitles":["computeRange"],"fullName":"computeRange returns null once a marker is disposed","status":"passed","title":"returns null once a marker is disposed","duration":0.22040000000001214,"failureMessages":[],"meta":{},"tags":[]},{"ancestorTitles":["computeRange"],"fullName":"computeRange returns null for an invalid (-1) marker line","status":"passed","title":"returns null for an invalid (-1) marker line","duration":0.143100000000004,"failureMessages":[],"meta":{},"tags":[]},{"ancestorTitles":["computeRange"],"fullName":"computeRange never returns an inverted range","status":"passed","title":"never returns an inverted range","duration":0.15260000000000673,"failureMessages":[],"meta":{},"tags":[]},{"ancestorTitles":["blockIndexAt"],"fullName":"blockIndexAt finds the block containing a line","status":"passed","title":"finds the block containing a line","duration":0.25970000000000937,"failureMessages":[],"meta":{},"tags":[]},{"ancestorTitles":["blockIndexAt"],"fullName":"blockIndexAt skips disposed (null) ranges","status":"passed","title":"skips disposed (null) ranges","duration":0.12040000000001783,"failureMessages":[],"meta":{},"tags":[]},{"ancestorTitles":["blockIndexAt"],"fullName":"blockIndexAt returns -1 when no block contains the line","status":"passed","title":"returns -1 when no block contains the line","duration":0.11499999999998067,"failureMessages":[],"meta":{},"tags":[]},{"ancestorTitles":["blockIndexAt"],"fullName":"blockIndexAt resolves to the newest block on overlap","status":"passed","title":"resolves to the newest block on overlap","duration":0.12479999999999336,"failureMessages":[],"meta":{},"tags":[]}],"startTime":1785061180695,"endTime":1785061180698.2598,"status":"passed","message":"","name":"C:/Users/Admin/openagent/openagent/src/modules/terminal/block/lib/blockRange.test.ts"},{"assertionResults":[{"ancestorTitles":["modeMachine"],"fullName":"modeMachine starts at the prompt","status":"passed","title":"starts at the prompt","duration":1.3597000000000037,"failureMessages":[],"meta":{},"tags":[]},{"ancestorTitles":["modeMachine"],"fullName":"modeMachine enters running on command exec (OSC 133 C)","status":"passed","title":"enters running on command exec (OSC 133 C)","duration":0.22350000000000136,"failureMessages":[],"meta":{},"tags":[]},{"ancestorTitles":["modeMachine"],"fullName":"modeMachine returns to the prompt when the command ends (OSC 133 D)","status":"passed","title":"returns to the prompt when the command ends (OSC 133 D)","duration":0.13999999999998636,"failureMessages":[],"meta":{},"tags":[]},{"ancestorTitles":["modeMachine"],"fullName":"modeMachine alt-screen takes visual precedence over the shell phase","status":"passed","title":"alt-screen takes visual precedence over the shell phase","duration":0.13949999999999818,"failureMessages":[],"meta":{},"tags":[]},{"ancestorTitles":["modeMachine"],"fullName":"modeMachine leaving alt-screen restores the underlying phase","status":"passed","title":"leaving alt-screen restores the underlying phase","duration":0.11410000000000764,"failureMessages":[],"meta":{},"tags":[]},{"ancestorTitles":["modeMachine"],"fullName":"modeMachine is idempotent for repeated markers and unchanged alt-screen","status":"passed","title":"is idempotent for repeated markers and unchanged alt-screen","duration":0.4873999999999796,"failureMessages":[],"meta":{},"tags":[]}],"startTime":1785061180656,"endTime":1785061180658.4873,"status":"passed","message":"","name":"C:/Users/Admin/openagent/openagent/src/modules/terminal/block/lib/modeMachine.test.ts"},{"assertionResults":[{"ancestorTitles":["capAttachOutput"],"fullName":"capAttachOutput returns short output untouched","status":"passed","title":"returns short output untouched","duration":1.4790999999999883,"failureMessages":[],"meta":{},"tags":[]},{"ancestorTitles":["capAttachOutput"],"fullName":"capAttachOutput keeps head and tail when over the line cap","status":"passed","title":"keeps head and tail when over the line cap","duration":0.5515000000000043,"failureMessages":[],"meta":{},"tags":[]},{"ancestorTitles":["capAttachOutput"],"fullName":"capAttachOutput caps by chars when few but huge lines","status":"passed","title":"caps by chars when few but huge lines","duration":0.4194999999999993,"failureMessages":[],"meta":{},"tags":[]},{"ancestorTitles":["capAttachOutput"],"fullName":"capAttachOutput applies both caps in sequence","status":"passed","title":"applies both caps in sequence","duration":0.3200000000000216,"failureMessages":[],"meta":{},"tags":[]}],"startTime":1785061180681,"endTime":1785061180683.4194,"status":"passed","message":"","name":"C:/Users/Admin/openagent/openagent/src/modules/terminal/block/lib/outputCap.test.ts"},{"assertionResults":[{"ancestorTitles":["readRangeText"],"fullName":"readRangeText joins the requested line range","status":"passed","title":"joins the requested line range","duration":1.4653999999999883,"failureMessages":[],"meta":{},"tags":[]},{"ancestorTitles":["readRangeText"],"fullName":"readRangeText drops trailing empty lines","status":"passed","title":"drops trailing empty lines","duration":0.1781000000000006,"failureMessages":[],"meta":{},"tags":[]},{"ancestorTitles":["readRangeText"],"fullName":"readRangeText clamps the end to the last buffer line","status":"passed","title":"clamps the end to the last buffer line","duration":0.15080000000000382,"failureMessages":[],"meta":{},"tags":[]},{"ancestorTitles":["readRangeText"],"fullName":"readRangeText clamps a negative start to zero","status":"passed","title":"clamps a negative start to zero","duration":0.13740000000001373,"failureMessages":[],"meta":{},"tags":[]},{"ancestorTitles":["readRangeText"],"fullName":"readRangeText returns an empty string when every line is blank","status":"passed","title":"returns an empty string when every line is blank","duration":0.15039999999999054,"failureMessages":[],"meta":{},"tags":[]},{"ancestorTitles":["readRangeText"],"fullName":"readRangeText treats a missing line as empty","status":"passed","title":"treats a missing line as empty","duration":0.11650000000000205,"failureMessages":[],"meta":{},"tags":[]}],"startTime":1785061180696,"endTime":1785061180698.151,"status":"passed","message":"","name":"C:/Users/Admin/openagent/openagent/src/modules/terminal/block/lib/readBlock.test.ts"}]}